2026-04-17 16:11:03,445 [INFO] Starting Alpha158 V2 Training Pipeline
2026-04-17 16:11:03,445 [INFO] Range: 2020-01-01 to 2026-03-31
2026-04-17 16:11:03,448 [INFO] Total symbols to process: 6017
2026-04-17 16:11:03,449 [INFO] Using 64 cores for parallel feature extraction...
2026-04-17 16:11:27,990 [INFO] Processed 100/6017 symbols (valid entries: 100)...
2026-04-17 16:11:33,887 [INFO] Processed 200/6017 symbols (valid entries: 200)...
2026-04-17 16:11:36,997 [INFO] Processed 300/6017 symbols (valid entries: 300)...
2026-04-17 16:11:38,112 [INFO] Processed 400/6017 symbols (valid entries: 400)...
2026-04-17 16:11:40,884 [INFO] Processed 500/6017 symbols (valid entries: 500)...
2026-04-17 16:11:42,388 [INFO] Processed 600/6017 symbols (valid entries: 600)...
2026-04-17 16:11:59,499 [INFO] Processed 700/6017 symbols (valid entries: 700)...
2026-04-17 16:12:09,300 [INFO] Processed 800/6017 symbols (valid entries: 800)...
2026-04-17 16:12:12,341 [INFO] Processed 900/6017 symbols (valid entries: 900)...
2026-04-17 16:12:19,310 [INFO] Processed 1000/6017 symbols (valid entries: 1000)...
2026-04-17 16:12:22,762 [INFO] Processed 1100/6017 symbols (valid entries: 1100)...
2026-04-17 16:12:30,284 [INFO] Processed 1200/6017 symbols (valid entries: 1200)...
2026-04-17 16:12:39,885 [INFO] Processed 1300/6017 symbols (valid entries: 1300)...
2026-04-17 16:13:17,884 [INFO] Processed 1400/6017 symbols (valid entries: 1400)...
2026-04-17 16:13:28,912 [INFO] Processed 1500/6017 symbols (valid entries: 1500)...
2026-04-17 16:13:40,393 [INFO] Processed 1600/6017 symbols (valid entries: 1600)...
2026-04-17 16:14:03,595 [INFO] Processed 1700/6017 symbols (valid entries: 1700)...
2026-04-17 16:14:35,484 [INFO] Processed 1800/6017 symbols (valid entries: 1800)...
2026-04-17 16:14:51,784 [INFO] Processed 1900/6017 symbols (valid entries: 1900)...
2026-04-17 16:15:40,790 [INFO] Processed 2000/6017 symbols (valid entries: 2000)...
2026-04-17 16:16:06,684 [INFO] Processed 2100/6017 symbols (valid entries: 2100)...
2026-04-17 16:16:48,790 [INFO] Processed 2200/6017 symbols (valid entries: 2200)...
2026-04-17 16:17:05,695 [INFO] Processed 2300/6017 symbols (valid entries: 2300)...
2026-04-17 16:17:39,184 [INFO] Processed 2400/6017 symbols (valid entries: 2400)...
2026-04-17 16:17:47,886 [INFO] Processed 2500/6017 symbols (valid entries: 2500)...
2026-04-17 16:18:13,294 [INFO] Processed 2600/6017 symbols (valid entries: 2600)...
2026-04-17 16:19:20,790 [INFO] Processed 2700/6017 symbols (valid entries: 2700)...
2026-04-17 16:20:17,784 [INFO] Processed 2800/6017 symbols (valid entries: 2800)...
2026-04-17 16:20:20,884 [INFO] Processed 2900/6017 symbols (valid entries: 2900)...
2026-04-17 16:20:24,898 [INFO] Processed 3000/6017 symbols (valid entries: 3000)...
2026-04-17 16:20:31,898 [INFO] Processed 3100/6017 symbols (valid entries: 3100)...
2026-04-17 16:20:38,484 [INFO] Processed 3200/6017 symbols (valid entries: 3200)...
2026-04-17 16:20:46,384 [INFO] Processed 3300/6017 symbols (valid entries: 3300)...
2026-04-17 16:20:51,784 [INFO] Processed 3400/6017 symbols (valid entries: 3400)...
2026-04-17 16:20:56,388 [INFO] Processed 3500/6017 symbols (valid entries: 3500)...
2026-04-17 16:21:00,884 [INFO] Processed 3600/6017 symbols (valid entries: 3600)...
2026-04-17 16:21:05,185 [INFO] Processed 3700/6017 symbols (valid entries: 3700)...
2026-04-17 16:21:08,984 [INFO] Processed 3800/6017 symbols (valid entries: 3800)...
2026-04-17 16:21:11,686 [INFO] Processed 3900/6017 symbols (valid entries: 3900)...
2026-04-17 16:21:17,299 [INFO] Processed 4000/6017 symbols (valid entries: 4000)...
2026-04-17 16:21:24,390 [INFO] Processed 4100/6017 symbols (valid entries: 4100)...
2026-04-17 16:21:27,185 [INFO] Processed 4200/6017 symbols (valid entries: 4200)...
2026-04-17 16:21:32,190 [INFO] Processed 4300/6017 symbols (valid entries: 4300)...
2026-04-17 16:21:36,298 [INFO] Processed 4400/6017 symbols (valid entries: 4400)...
2026-04-17 16:21:39,990 [INFO] Processed 4500/6017 symbols (valid entries: 4500)...
2026-04-17 16:21:43,498 [INFO] Processed 4600/6017 symbols (valid entries: 4600)...
2026-04-17 16:21:48,291 [INFO] Processed 4700/6017 symbols (valid entries: 4700)...
2026-04-17 16:21:53,290 [INFO] Processed 4800/6017 symbols (valid entries: 4800)...
2026-04-17 16:21:57,885 [INFO] Processed 4900/6017 symbols (valid entries: 4900)...
2026-04-17 16:22:02,398 [INFO] Processed 5000/6017 symbols (valid entries: 5000)...
2026-04-17 16:22:09,390 [INFO] Processed 5100/6017 symbols (valid entries: 5100)...
2026-04-17 16:22:11,290 [INFO] Processed 5200/6017 symbols (valid entries: 5200)...
2026-04-17 16:22:15,499 [INFO] Processed 5300/6017 symbols (valid entries: 5300)...
2026-04-17 16:22:17,884 [INFO] Processed 5400/6017 symbols (valid entries: 5400)...
2026-04-17 16:22:21,698 [INFO] Processed 5500/6017 symbols (valid entries: 5500)...
2026-04-17 16:22:23,591 [INFO] Processed 5600/6017 symbols (valid entries: 5600)...
2026-04-17 16:22:29,096 [INFO] Processed 5700/6017 symbols (valid entries: 5700)...
2026-04-17 16:22:30,814 [INFO] Processed 5800/6017 symbols (valid entries: 5800)...
2026-04-17 16:22:31,238 [INFO] Processed 5900/6017 symbols (valid entries: 5900)...
2026-04-17 16:22:31,741 [INFO] Processed 6000/6017 symbols (valid entries: 6000)...
2026-04-17 16:22:32,295 [INFO] Combining data from 6017 symbols...
2026-04-17 16:22:36,180 [INFO] Starting Alpha158 V2 Training Pipeline
2026-04-17 16:22:36,180 [INFO] Range: 2020-01-01 to 2026-03-31
2026-04-17 16:22:36,185 [INFO] Total symbols after BJ filtering: 5481 (skipped 536)
2026-04-17 16:22:36,185 [INFO] Using 64 cores for parallel feature extraction...
2026-04-17 16:22:41,977 [INFO] Processed 100/5481 symbols (valid entries: 100)...
2026-04-17 16:22:43,235 [INFO] Processed 200/5481 symbols (valid entries: 200)...
2026-04-17 16:22:43,991 [INFO] Processed 300/5481 symbols (valid entries: 300)...
2026-04-17 16:22:44,695 [INFO] Processed 400/5481 symbols (valid entries: 400)...
2026-04-17 16:22:45,425 [INFO] Processed 500/5481 symbols (valid entries: 500)...
2026-04-17 16:22:46,238 [INFO] Processed 600/5481 symbols (valid entries: 600)...
2026-04-17 16:22:47,007 [INFO] Processed 700/5481 symbols (valid entries: 700)...
2026-04-17 16:22:47,211 [INFO] Final dataset shape: (2180002, 159)
2026-04-17 16:22:47,697 [INFO] Processed 800/5481 symbols (valid entries: 800)...
2026-04-17 16:22:48,223 [INFO] Processed 900/5481 symbols (valid entries: 900)...
2026-04-17 16:22:48,540 [INFO] Processed 1000/5481 symbols (valid entries: 1000)...
2026-04-17 16:22:49,105 [INFO] Processed 1100/5481 symbols (valid entries: 1100)...
2026-04-17 16:22:49,413 [INFO] Processed 1200/5481 symbols (valid entries: 1200)...
2026-04-17 16:22:49,701 [INFO] Processed 1300/5481 symbols (valid entries: 1300)...
2026-04-17 16:22:50,645 [INFO] Processed 1400/5481 symbols (valid entries: 1400)...
2026-04-17 16:22:52,125 [INFO] Processed 1500/5481 symbols (valid entries: 1500)...
2026-04-17 16:22:53,006 [INFO] Processed 1600/5481 symbols (valid entries: 1600)...
2026-04-17 16:22:53,007 [INFO] Train size: 1828508, Valid size: 351494
2026-04-17 16:22:53,008 [INFO] Starting LightGBM training...
2026-04-17 16:22:54,129 [INFO] Processed 1700/5481 symbols (valid entries: 1700)...
2026-04-17 16:22:55,501 [INFO] Processed 1800/5481 symbols (valid entries: 1800)...
2026-04-17 16:22:55,745 [INFO] Processed 1900/5481 symbols (valid entries: 1900)...
2026-04-17 16:22:55,964 [INFO] Processed 2000/5481 symbols (valid entries: 2000)...
2026-04-17 16:22:56,158 [INFO] Processed 2100/5481 symbols (valid entries: 2100)...
2026-04-17 16:22:56,929 [INFO] Processed 2200/5481 symbols (valid entries: 2200)...
2026-04-17 16:22:57,995 [INFO] Processed 2300/5481 symbols (valid entries: 2300)...
2026-04-17 16:22:58,863 [INFO] Processed 2400/5481 symbols (valid entries: 2400)...
2026-04-17 16:23:01,305 [INFO] Processed 2500/5481 symbols (valid entries: 2500)...
2026-04-17 16:23:03,095 [INFO] Processed 2600/5481 symbols (valid entries: 2600)...
2026-04-17 16:23:04,169 [INFO] Processed 2700/5481 symbols (valid entries: 2700)...
2026-04-17 16:23:05,283 [INFO] Processed 2800/5481 symbols (valid entries: 2800)...
2026-04-17 16:23:06,147 [INFO] Processed 2900/5481 symbols (valid entries: 2900)...
2026-04-17 16:23:06,715 [INFO] Processed 3000/5481 symbols (valid entries: 3000)...
2026-04-17 16:23:07,543 [INFO] Processed 3100/5481 symbols (valid entries: 3100)...
2026-04-17 16:23:08,568 [INFO] Processed 3200/5481 symbols (valid entries: 3200)...
2026-04-17 16:23:09,207 [INFO] Processed 3300/5481 symbols (valid entries: 3300)...
2026-04-17 16:23:09,892 [INFO] Processed 3400/5481 symbols (valid entries: 3400)...
2026-04-17 16:23:10,265 [INFO] Processed 3500/5481 symbols (valid entries: 3500)...
2026-04-17 16:23:10,592 [INFO] Processed 3600/5481 symbols (valid entries: 3600)...
2026-04-17 16:23:10,871 [INFO] Processed 3700/5481 symbols (valid entries: 3700)...
2026-04-17 16:23:11,163 [INFO] Processed 3800/5481 symbols (valid entries: 3800)...
2026-04-17 16:23:11,939 [INFO] Processed 3900/5481 symbols (valid entries: 3900)...
2026-04-17 16:23:13,172 [INFO] Processed 4000/5481 symbols (valid entries: 4000)...
2026-04-17 16:23:13,702 [INFO] Processed 4100/5481 symbols (valid entries: 4100)...
2026-04-17 16:23:14,593 [INFO] Processed 4200/5481 symbols (valid entries: 4200)...
2026-04-17 16:23:15,047 [INFO] Processed 4300/5481 symbols (valid entries: 4300)...
2026-04-17 16:23:16,200 [INFO] Processed 4400/5481 symbols (valid entries: 4400)...
2026-04-17 16:23:16,815 [INFO] Processed 4500/5481 symbols (valid entries: 4500)...
2026-04-17 16:23:17,439 [INFO] Processed 4600/5481 symbols (valid entries: 4600)...
2026-04-17 16:23:18,031 [INFO] Processed 4700/5481 symbols (valid entries: 4700)...
2026-04-17 16:23:18,726 [INFO] Processed 4800/5481 symbols (valid entries: 4800)...
2026-04-17 16:23:19,743 [INFO] Processed 4900/5481 symbols (valid entries: 4900)...
2026-04-17 16:23:20,219 [INFO] Processed 5000/5481 symbols (valid entries: 5000)...
2026-04-17 16:23:20,546 [INFO] Processed 5100/5481 symbols (valid entries: 5100)...
2026-04-17 16:23:21,069 [INFO] Processed 5200/5481 symbols (valid entries: 5200)...
2026-04-17 16:23:21,346 [INFO] Processed 5300/5481 symbols (valid entries: 5300)...
2026-04-17 16:23:21,551 [INFO] Processed 5400/5481 symbols (valid entries: 5400)...
2026-04-17 16:23:22,005 [INFO] Combining data from 5481 symbols...
2026-04-17 16:23:32,117 [INFO] Final dataset shape: (2180002, 159)
2026-04-17 16:23:32,201 [INFO] Saving model to /app/models/production/alpha158/alpha158.bin
2026-04-17 16:23:32,204 [INFO] Training complete.
2026-04-17 16:23:34,556 [INFO] Train size: 1828508, Valid size: 351494
2026-04-17 16:23:34,557 [INFO] Starting LightGBM training...
2026-04-17 16:24:19,968 [INFO] Saving model to /app/models/production/alpha158/alpha158.bin
2026-04-17 16:24:19,984 [INFO] Training complete.
2026-04-17 16:31:09,238 [INFO] Starting Alpha158 V2 Training Pipeline
2026-04-17 16:31:09,239 [INFO] Range: 2020-01-01 to 2026-03-31
2026-04-17 16:31:09,244 [INFO] Total symbols after BJ filtering: 5481 (skipped 536)
2026-04-17 16:31:09,244 [INFO] Using 64 cores for parallel feature extraction...
2026-04-17 16:31:14,810 [INFO] Processed 100/5481 symbols (valid entries: 100)...
2026-04-17 16:31:15,970 [INFO] Processed 200/5481 symbols (valid entries: 200)...
2026-04-17 16:31:16,558 [INFO] Processed 300/5481 symbols (valid entries: 300)...
2026-04-17 16:31:17,262 [INFO] Processed 400/5481 symbols (valid entries: 400)...
2026-04-17 16:31:17,864 [INFO] Processed 500/5481 symbols (valid entries: 500)...
2026-04-17 16:31:18,420 [INFO] Processed 600/5481 symbols (valid entries: 600)...
2026-04-17 16:31:19,100 [INFO] Processed 700/5481 symbols (valid entries: 700)...
2026-04-17 16:31:19,780 [INFO] Processed 800/5481 symbols (valid entries: 800)...
2026-04-17 16:31:20,109 [INFO] Processed 900/5481 symbols (valid entries: 900)...
2026-04-17 16:31:20,457 [INFO] Processed 1000/5481 symbols (valid entries: 1000)...
2026-04-17 16:31:20,887 [INFO] Processed 1100/5481 symbols (valid entries: 1100)...
2026-04-17 16:31:21,153 [INFO] Processed 1200/5481 symbols (valid entries: 1200)...
2026-04-17 16:31:21,408 [INFO] Processed 1300/5481 symbols (valid entries: 1300)...
2026-04-17 16:31:22,424 [INFO] Processed 1400/5481 symbols (valid entries: 1400)...
2026-04-17 16:31:23,107 [INFO] Processed 1500/5481 symbols (valid entries: 1500)...
2026-04-17 16:31:24,094 [INFO] Processed 1600/5481 symbols (valid entries: 1600)...
2026-04-17 16:31:24,902 [INFO] Processed 1700/5481 symbols (valid entries: 1700)...
2026-04-17 16:31:25,827 [INFO] Processed 1800/5481 symbols (valid entries: 1800)...
2026-04-17 16:31:26,061 [INFO] Processed 1900/5481 symbols (valid entries: 1900)...
2026-04-17 16:31:26,315 [INFO] Processed 2000/5481 symbols (valid entries: 2000)...
2026-04-17 16:31:26,967 [INFO] Processed 2100/5481 symbols (valid entries: 2100)...
2026-04-17 16:31:27,828 [INFO] Processed 2200/5481 symbols (valid entries: 2200)...
2026-04-17 16:31:28,379 [INFO] Processed 2300/5481 symbols (valid entries: 2300)...
2026-04-17 16:31:29,359 [INFO] Processed 2400/5481 symbols (valid entries: 2400)...
2026-04-17 16:31:31,065 [INFO] Processed 2500/5481 symbols (valid entries: 2500)...
2026-04-17 16:31:32,791 [INFO] Processed 2600/5481 symbols (valid entries: 2600)...
2026-04-17 16:31:33,529 [INFO] Processed 2700/5481 symbols (valid entries: 2700)...
2026-04-17 16:31:34,186 [INFO] Processed 2800/5481 symbols (valid entries: 2800)...
2026-04-17 16:31:34,800 [INFO] Processed 2900/5481 symbols (valid entries: 2900)...
2026-04-17 16:31:35,216 [INFO] Processed 3000/5481 symbols (valid entries: 3000)...
2026-04-17 16:31:35,855 [INFO] Processed 3100/5481 symbols (valid entries: 3100)...
2026-04-17 16:31:36,656 [INFO] Processed 3200/5481 symbols (valid entries: 3200)...
2026-04-17 16:31:37,281 [INFO] Processed 3300/5481 symbols (valid entries: 3300)...
2026-04-17 16:31:37,830 [INFO] Processed 3400/5481 symbols (valid entries: 3400)...
2026-04-17 16:31:38,179 [INFO] Processed 3500/5481 symbols (valid entries: 3500)...
2026-04-17 16:31:38,458 [INFO] Processed 3600/5481 symbols (valid entries: 3600)...
2026-04-17 16:31:38,686 [INFO] Processed 3700/5481 symbols (valid entries: 3700)...
2026-04-17 16:31:38,953 [INFO] Processed 3800/5481 symbols (valid entries: 3800)...
2026-04-17 16:31:39,797 [INFO] Processed 3900/5481 symbols (valid entries: 3900)...
2026-04-17 16:31:40,954 [INFO] Processed 4000/5481 symbols (valid entries: 4000)...
2026-04-17 16:31:41,971 [INFO] Processed 4100/5481 symbols (valid entries: 4100)...
2026-04-17 16:31:42,565 [INFO] Processed 4200/5481 symbols (valid entries: 4200)...
2026-04-17 16:31:42,981 [INFO] Processed 4300/5481 symbols (valid entries: 4300)...
2026-04-17 16:31:43,316 [INFO] Processed 4400/5481 symbols (valid entries: 4400)...
2026-04-17 16:31:43,950 [INFO] Processed 4500/5481 symbols (valid entries: 4500)...
2026-04-17 16:31:44,523 [INFO] Processed 4600/5481 symbols (valid entries: 4600)...
2026-04-17 16:31:45,951 [INFO] Processed 4700/5481 symbols (valid entries: 4700)...
2026-04-17 16:31:46,384 [INFO] Processed 4800/5481 symbols (valid entries: 4800)...
2026-04-17 16:31:47,525 [INFO] Processed 4900/5481 symbols (valid entries: 4900)...
2026-04-17 16:31:47,647 [INFO] Processed 5000/5481 symbols (valid entries: 5000)...
2026-04-17 16:31:47,785 [INFO] Processed 5100/5481 symbols (valid entries: 5100)...
2026-04-17 16:31:47,902 [INFO] Processed 5200/5481 symbols (valid entries: 5200)...
2026-04-17 16:31:48,302 [INFO] Processed 5300/5481 symbols (valid entries: 5300)...
2026-04-17 16:31:48,512 [INFO] Processed 5400/5481 symbols (valid entries: 5400)...
2026-04-17 16:31:48,837 [INFO] Combining data from 5481 symbols...
2026-04-17 16:31:56,764 [INFO] Final dataset shape: (2180002, 159)
2026-04-17 16:31:56,764 [INFO] Applying cross-sectional percent rank normalization to all features...
2026-04-17 16:32:57,595 [INFO] Cross-sectional rank normalization completed.
2026-04-17 16:33:01,325 [INFO] Train size: 1828508, Valid size: 351494
2026-04-17 16:33:01,325 [INFO] Starting LightGBM training...
2026-04-17 16:33:14,268 [INFO] Saving model to /app/models/production/alpha158/alpha158.bin
2026-04-17 16:33:14,271 [INFO] Training complete.
2026-04-17 16:36:21,272 [INFO] Starting Alpha158 V2 Training Pipeline
2026-04-17 16:36:21,272 [INFO] Range: 2020-01-01 to 2026-03-31
2026-04-17 16:36:21,277 [INFO] Total symbols after BJ filtering: 5481 (skipped 536)
2026-04-17 16:36:21,277 [INFO] Using 64 cores for parallel feature extraction...
2026-04-17 16:36:26,679 [INFO] Processed 100/5481 symbols (valid entries: 100)...
2026-04-17 16:36:27,975 [INFO] Processed 200/5481 symbols (valid entries: 200)...
2026-04-17 16:36:28,584 [INFO] Processed 300/5481 symbols (valid entries: 300)...
2026-04-17 16:36:29,113 [INFO] Processed 400/5481 symbols (valid entries: 400)...
2026-04-17 16:36:29,812 [INFO] Processed 500/5481 symbols (valid entries: 500)...
2026-04-17 16:36:30,460 [INFO] Processed 600/5481 symbols (valid entries: 600)...
2026-04-17 16:36:31,126 [INFO] Processed 700/5481 symbols (valid entries: 700)...
2026-04-17 16:36:31,723 [INFO] Processed 800/5481 symbols (valid entries: 800)...
2026-04-17 16:36:32,101 [INFO] Processed 900/5481 symbols (valid entries: 900)...
2026-04-17 16:36:32,484 [INFO] Processed 1000/5481 symbols (valid entries: 1000)...
2026-04-17 16:36:32,889 [INFO] Processed 1100/5481 symbols (valid entries: 1100)...
2026-04-17 16:36:33,137 [INFO] Processed 1200/5481 symbols (valid entries: 1200)...
2026-04-17 16:36:33,398 [INFO] Processed 1300/5481 symbols (valid entries: 1300)...
2026-04-17 16:36:34,241 [INFO] Processed 1400/5481 symbols (valid entries: 1400)...
2026-04-17 16:36:35,072 [INFO] Processed 1500/5481 symbols (valid entries: 1500)...
2026-04-17 16:36:36,168 [INFO] Processed 1600/5481 symbols (valid entries: 1600)...
2026-04-17 16:36:37,004 [INFO] Processed 1700/5481 symbols (valid entries: 1700)...
2026-04-17 16:36:37,832 [INFO] Processed 1800/5481 symbols (valid entries: 1800)...
2026-04-17 16:36:38,146 [INFO] Processed 1900/5481 symbols (valid entries: 1900)...
2026-04-17 16:36:38,401 [INFO] Processed 2000/5481 symbols (valid entries: 2000)...
2026-04-17 16:36:38,783 [INFO] Processed 2100/5481 symbols (valid entries: 2100)...
2026-04-17 16:36:39,544 [INFO] Processed 2200/5481 symbols (valid entries: 2200)...
2026-04-17 16:36:40,491 [INFO] Processed 2300/5481 symbols (valid entries: 2300)...
2026-04-17 16:36:41,621 [INFO] Processed 2400/5481 symbols (valid entries: 2400)...
2026-04-17 16:36:42,761 [INFO] Processed 2500/5481 symbols (valid entries: 2500)...
2026-04-17 16:36:44,674 [INFO] Processed 2600/5481 symbols (valid entries: 2600)...
2026-04-17 16:36:45,399 [INFO] Processed 2700/5481 symbols (valid entries: 2700)...
2026-04-17 16:36:46,215 [INFO] Processed 2800/5481 symbols (valid entries: 2800)...
2026-04-17 16:36:46,803 [INFO] Processed 2900/5481 symbols (valid entries: 2900)...
2026-04-17 16:36:47,289 [INFO] Processed 3000/5481 symbols (valid entries: 3000)...
2026-04-17 16:36:47,967 [INFO] Processed 3100/5481 symbols (valid entries: 3100)...
2026-04-17 16:36:48,658 [INFO] Processed 3200/5481 symbols (valid entries: 3200)...
2026-04-17 16:36:49,336 [INFO] Processed 3300/5481 symbols (valid entries: 3300)...
2026-04-17 16:36:49,944 [INFO] Processed 3400/5481 symbols (valid entries: 3400)...
2026-04-17 16:36:50,249 [INFO] Processed 3500/5481 symbols (valid entries: 3500)...
2026-04-17 16:36:50,550 [INFO] Processed 3600/5481 symbols (valid entries: 3600)...
2026-04-17 16:36:50,774 [INFO] Processed 3700/5481 symbols (valid entries: 3700)...
2026-04-17 16:36:51,084 [INFO] Processed 3800/5481 symbols (valid entries: 3800)...
2026-04-17 16:36:51,735 [INFO] Processed 3900/5481 symbols (valid entries: 3900)...
2026-04-17 16:36:52,842 [INFO] Processed 4000/5481 symbols (valid entries: 4000)...
2026-04-17 16:36:54,051 [INFO] Processed 4100/5481 symbols (valid entries: 4100)...
2026-04-17 16:36:54,472 [INFO] Processed 4200/5481 symbols (valid entries: 4200)...
2026-04-17 16:36:55,056 [INFO] Processed 4300/5481 symbols (valid entries: 4300)...
2026-04-17 16:36:55,406 [INFO] Processed 4400/5481 symbols (valid entries: 4400)...
2026-04-17 16:36:55,937 [INFO] Processed 4500/5481 symbols (valid entries: 4500)...
2026-04-17 16:36:56,842 [INFO] Processed 4600/5481 symbols (valid entries: 4600)...
2026-04-17 16:36:57,581 [INFO] Processed 4700/5481 symbols (valid entries: 4700)...
2026-04-17 16:36:58,269 [INFO] Processed 4800/5481 symbols (valid entries: 4800)...
2026-04-17 16:36:59,335 [INFO] Processed 4900/5481 symbols (valid entries: 4900)...
2026-04-17 16:36:59,505 [INFO] Processed 5000/5481 symbols (valid entries: 5000)...
2026-04-17 16:36:59,737 [INFO] Processed 5100/5481 symbols (valid entries: 5100)...
2026-04-17 16:37:00,055 [INFO] Processed 5200/5481 symbols (valid entries: 5200)...
2026-04-17 16:37:00,264 [INFO] Processed 5300/5481 symbols (valid entries: 5300)...
2026-04-17 16:37:00,434 [INFO] Processed 5400/5481 symbols (valid entries: 5400)...
2026-04-17 16:37:00,947 [INFO] Combining data from 5481 symbols...
2026-04-17 16:37:08,673 [INFO] Final dataset shape: (2180002, 159)
2026-04-17 16:37:08,673 [INFO] Applying cross-sectional percent rank normalization to all features...
2026-04-17 16:38:08,819 [INFO] Cross-sectional rank normalization completed.
2026-04-17 16:38:12,507 [INFO] Train size: 1828508, Valid size: 351494
2026-04-17 16:38:12,507 [INFO] Starting LightGBM training...
2026-04-17 16:38:28,230 [INFO] Saving model to /app/models/production/alpha158/alpha158.bin
2026-04-17 16:38:28,232 [INFO] Evaluating IC on validation set...
2026-04-17 16:38:29,653 [INFO] Validation Mean IC: -0.0143, ICIR: -0.1301
2026-04-17 16:38:29,653 [INFO] metadata.json updated successfully with new metrics.
2026-04-17 16:38:29,654 [INFO] Training complete.
2026-04-17 16:40:58,774 [INFO] Starting Alpha158 V2 Training Pipeline
2026-04-17 16:40:58,774 [INFO] Range: 2020-01-01 to 2026-03-31
2026-04-17 16:40:58,779 [INFO] Total symbols after BJ filtering: 5481 (skipped 536)
2026-04-17 16:40:58,779 [INFO] Using 64 cores for parallel feature extraction...
2026-04-17 16:41:04,339 [INFO] Processed 100/5481 symbols (valid entries: 100)...
2026-04-17 16:41:05,443 [INFO] Processed 200/5481 symbols (valid entries: 200)...
2026-04-17 16:41:06,069 [INFO] Processed 300/5481 symbols (valid entries: 300)...
2026-04-17 16:41:06,653 [INFO] Processed 400/5481 symbols (valid entries: 400)...
2026-04-17 16:41:07,343 [INFO] Processed 500/5481 symbols (valid entries: 500)...
2026-04-17 16:41:07,999 [INFO] Processed 600/5481 symbols (valid entries: 600)...
2026-04-17 16:41:08,640 [INFO] Processed 700/5481 symbols (valid entries: 700)...
2026-04-17 16:41:09,340 [INFO] Processed 800/5481 symbols (valid entries: 800)...
2026-04-17 16:41:09,683 [INFO] Processed 900/5481 symbols (valid entries: 900)...
2026-04-17 16:41:09,950 [INFO] Processed 1000/5481 symbols (valid entries: 1000)...
2026-04-17 16:41:10,353 [INFO] Processed 1100/5481 symbols (valid entries: 1100)...
2026-04-17 16:41:10,641 [INFO] Processed 1200/5481 symbols (valid entries: 1200)...
2026-04-17 16:41:10,850 [INFO] Processed 1300/5481 symbols (valid entries: 1300)...
2026-04-17 16:41:11,536 [INFO] Processed 1400/5481 symbols (valid entries: 1400)...
2026-04-17 16:41:12,867 [INFO] Processed 1500/5481 symbols (valid entries: 1500)...
2026-04-17 16:41:13,801 [INFO] Processed 1600/5481 symbols (valid entries: 1600)...
2026-04-17 16:41:14,176 [INFO] Processed 1700/5481 symbols (valid entries: 1700)...
2026-04-17 16:41:15,147 [INFO] Processed 1800/5481 symbols (valid entries: 1800)...
2026-04-17 16:41:15,446 [INFO] Processed 1900/5481 symbols (valid entries: 1900)...
2026-04-17 16:41:15,821 [INFO] Processed 2000/5481 symbols (valid entries: 2000)...
2026-04-17 16:41:16,395 [INFO] Processed 2100/5481 symbols (valid entries: 2100)...
2026-04-17 16:41:17,352 [INFO] Processed 2200/5481 symbols (valid entries: 2200)...
2026-04-17 16:41:18,129 [INFO] Processed 2300/5481 symbols (valid entries: 2300)...
2026-04-17 16:41:18,972 [INFO] Processed 2400/5481 symbols (valid entries: 2400)...
2026-04-17 16:41:20,597 [INFO] Processed 2500/5481 symbols (valid entries: 2500)...
2026-04-17 16:41:22,107 [INFO] Processed 2600/5481 symbols (valid entries: 2600)...
2026-04-17 16:41:22,885 [INFO] Processed 2700/5481 symbols (valid entries: 2700)...
2026-04-17 16:41:23,645 [INFO] Processed 2800/5481 symbols (valid entries: 2800)...
2026-04-17 16:41:24,374 [INFO] Processed 2900/5481 symbols (valid entries: 2900)...
2026-04-17 16:41:24,700 [INFO] Processed 3000/5481 symbols (valid entries: 3000)...
2026-04-17 16:41:25,288 [INFO] Processed 3100/5481 symbols (valid entries: 3100)...
2026-04-17 16:41:26,211 [INFO] Processed 3200/5481 symbols (valid entries: 3200)...
2026-04-17 16:41:26,809 [INFO] Processed 3300/5481 symbols (valid entries: 3300)...
2026-04-17 16:41:27,308 [INFO] Processed 3400/5481 symbols (valid entries: 3400)...
2026-04-17 16:41:27,739 [INFO] Processed 3500/5481 symbols (valid entries: 3500)...
2026-04-17 16:41:28,105 [INFO] Processed 3600/5481 symbols (valid entries: 3600)...
2026-04-17 16:41:28,293 [INFO] Processed 3700/5481 symbols (valid entries: 3700)...
2026-04-17 16:41:28,632 [INFO] Processed 3800/5481 symbols (valid entries: 3800)...
2026-04-17 16:41:29,580 [INFO] Processed 3900/5481 symbols (valid entries: 3900)...
2026-04-17 16:41:30,343 [INFO] Processed 4000/5481 symbols (valid entries: 4000)...
2026-04-17 16:41:31,351 [INFO] Processed 4100/5481 symbols (valid entries: 4100)...
2026-04-17 16:41:32,207 [INFO] Processed 4200/5481 symbols (valid entries: 4200)...
2026-04-17 16:41:32,599 [INFO] Processed 4300/5481 symbols (valid entries: 4300)...
2026-04-17 16:41:32,895 [INFO] Processed 4400/5481 symbols (valid entries: 4400)...
2026-04-17 16:41:33,567 [INFO] Processed 4500/5481 symbols (valid entries: 4500)...
2026-04-17 16:41:34,504 [INFO] Processed 4600/5481 symbols (valid entries: 4600)...
2026-04-17 16:41:35,168 [INFO] Processed 4700/5481 symbols (valid entries: 4700)...
2026-04-17 16:41:35,755 [INFO] Processed 4800/5481 symbols (valid entries: 4800)...
2026-04-17 16:41:36,818 [INFO] Processed 4900/5481 symbols (valid entries: 4900)...
2026-04-17 16:41:36,993 [INFO] Processed 5000/5481 symbols (valid entries: 5000)...
2026-04-17 16:41:37,298 [INFO] Processed 5100/5481 symbols (valid entries: 5100)...
2026-04-17 16:41:37,617 [INFO] Processed 5200/5481 symbols (valid entries: 5200)...
2026-04-17 16:41:37,842 [INFO] Processed 5300/5481 symbols (valid entries: 5300)...
2026-04-17 16:41:38,043 [INFO] Processed 5400/5481 symbols (valid entries: 5400)...
2026-04-17 16:41:38,303 [INFO] Combining data from 5481 symbols...
2026-04-17 16:41:46,245 [INFO] Final dataset shape: (2180002, 159)
2026-04-17 16:41:46,245 [INFO] Applying cross-sectional percent rank normalization to features AND labels...
2026-04-17 16:42:43,370 [INFO] Dual cross-sectional rank normalization completed.
2026-04-17 16:42:45,750 [INFO] Train size: 1828508, Valid size: 351494
2026-04-17 16:42:45,750 [INFO] Starting LightGBM training...
2026-04-17 16:43:07,174 [INFO] Saving model to /app/models/production/alpha158/alpha158.bin
2026-04-17 16:43:07,176 [INFO] Evaluating IC on validation set...
2026-04-17 16:43:09,022 [INFO] Validation Mean IC: 0.0632, ICIR: 0.4196
2026-04-17 16:43:09,023 [INFO] metadata.json updated successfully with new metrics.
2026-04-17 16:43:09,023 [INFO] Training complete.
2026-04-17 16:47:35,869 [INFO] Starting Alpha158 V2 Training Pipeline
2026-04-17 16:47:35,869 [INFO] Range: 2019-01-01 to 2026-03-31
2026-04-17 16:47:35,874 [INFO] Total symbols after BJ filtering: 5481 (skipped 536)
2026-04-17 16:47:35,874 [INFO] Using 64 cores for parallel feature extraction...
2026-04-17 16:47:42,424 [INFO] Processed 100/5481 symbols (valid entries: 100)...
2026-04-17 16:47:43,275 [INFO] Processed 200/5481 symbols (valid entries: 200)...
2026-04-17 16:47:44,065 [INFO] Processed 300/5481 symbols (valid entries: 300)...
2026-04-17 16:47:44,811 [INFO] Processed 400/5481 symbols (valid entries: 400)...
2026-04-17 16:47:45,527 [INFO] Processed 500/5481 symbols (valid entries: 500)...
2026-04-17 16:47:46,250 [INFO] Processed 600/5481 symbols (valid entries: 600)...
2026-04-17 16:47:47,017 [INFO] Processed 700/5481 symbols (valid entries: 700)...
2026-04-17 16:47:47,776 [INFO] Processed 800/5481 symbols (valid entries: 800)...
2026-04-17 16:47:48,227 [INFO] Processed 900/5481 symbols (valid entries: 900)...
2026-04-17 16:47:48,392 [INFO] Processed 1000/5481 symbols (valid entries: 1000)...
2026-04-17 16:47:48,981 [INFO] Processed 1100/5481 symbols (valid entries: 1100)...
2026-04-17 16:47:49,277 [INFO] Processed 1200/5481 symbols (valid entries: 1200)...
2026-04-17 16:47:49,551 [INFO] Processed 1300/5481 symbols (valid entries: 1300)...
2026-04-17 16:47:49,855 [INFO] Processed 1400/5481 symbols (valid entries: 1400)...
2026-04-17 16:47:51,483 [INFO] Processed 1500/5481 symbols (valid entries: 1500)...
2026-04-17 16:47:52,541 [INFO] Processed 1600/5481 symbols (valid entries: 1600)...
2026-04-17 16:47:53,325 [INFO] Processed 1700/5481 symbols (valid entries: 1700)...
2026-04-17 16:47:54,493 [INFO] Processed 1800/5481 symbols (valid entries: 1800)...
2026-04-17 16:47:54,750 [INFO] Processed 1900/5481 symbols (valid entries: 1900)...
2026-04-17 16:47:54,998 [INFO] Processed 2000/5481 symbols (valid entries: 2000)...
2026-04-17 16:47:55,211 [INFO] Processed 2100/5481 symbols (valid entries: 2100)...
2026-04-17 16:47:56,399 [INFO] Processed 2200/5481 symbols (valid entries: 2200)...
2026-04-17 16:47:57,377 [INFO] Processed 2300/5481 symbols (valid entries: 2300)...
2026-04-17 16:47:58,368 [INFO] Processed 2400/5481 symbols (valid entries: 2400)...
2026-04-17 16:48:00,303 [INFO] Processed 2500/5481 symbols (valid entries: 2500)...
2026-04-17 16:48:02,213 [INFO] Processed 2600/5481 symbols (valid entries: 2600)...
2026-04-17 16:48:03,155 [INFO] Processed 2700/5481 symbols (valid entries: 2700)...
2026-04-17 16:48:03,962 [INFO] Processed 2800/5481 symbols (valid entries: 2800)...
2026-04-17 16:48:04,570 [INFO] Processed 2900/5481 symbols (valid entries: 2900)...
2026-04-17 16:48:04,989 [INFO] Processed 3000/5481 symbols (valid entries: 3000)...
2026-04-17 16:48:05,789 [INFO] Processed 3100/5481 symbols (valid entries: 3100)...
2026-04-17 16:48:06,807 [INFO] Processed 3200/5481 symbols (valid entries: 3200)...
2026-04-17 16:48:07,539 [INFO] Processed 3300/5481 symbols (valid entries: 3300)...
2026-04-17 16:48:08,178 [INFO] Processed 3400/5481 symbols (valid entries: 3400)...
2026-04-17 16:48:08,601 [INFO] Processed 3500/5481 symbols (valid entries: 3500)...
2026-04-17 16:48:09,089 [INFO] Processed 3600/5481 symbols (valid entries: 3600)...
2026-04-17 16:48:09,422 [INFO] Processed 3700/5481 symbols (valid entries: 3700)...
2026-04-17 16:48:09,690 [INFO] Processed 3800/5481 symbols (valid entries: 3800)...
2026-04-17 16:48:10,014 [INFO] Processed 3900/5481 symbols (valid entries: 3900)...
2026-04-17 16:48:11,421 [INFO] Processed 4000/5481 symbols (valid entries: 4000)...
2026-04-17 16:48:12,793 [INFO] Processed 4100/5481 symbols (valid entries: 4100)...
2026-04-17 16:48:13,640 [INFO] Processed 4200/5481 symbols (valid entries: 4200)...
2026-04-17 16:48:14,150 [INFO] Processed 4300/5481 symbols (valid entries: 4300)...
2026-04-17 16:48:14,817 [INFO] Processed 4400/5481 symbols (valid entries: 4400)...
2026-04-17 16:48:15,302 [INFO] Processed 4500/5481 symbols (valid entries: 4500)...
2026-04-17 16:48:15,684 [INFO] Processed 4600/5481 symbols (valid entries: 4600)...
2026-04-17 16:48:16,539 [INFO] Processed 4700/5481 symbols (valid entries: 4700)...
2026-04-17 16:48:17,885 [INFO] Processed 4800/5481 symbols (valid entries: 4800)...
2026-04-17 16:48:19,188 [INFO] Processed 4900/5481 symbols (valid entries: 4900)...
2026-04-17 16:48:19,314 [INFO] Processed 5000/5481 symbols (valid entries: 5000)...
2026-04-17 16:48:19,552 [INFO] Processed 5100/5481 symbols (valid entries: 5100)...
2026-04-17 16:48:19,742 [INFO] Processed 5200/5481 symbols (valid entries: 5200)...
2026-04-17 16:48:19,928 [INFO] Processed 5300/5481 symbols (valid entries: 5300)...
2026-04-17 16:48:20,280 [INFO] Processed 5400/5481 symbols (valid entries: 5400)...
2026-04-17 16:48:20,696 [INFO] Combining data from 5481 symbols...
2026-04-17 16:48:29,171 [INFO] Final dataset shape: (2708424, 159)
2026-04-17 16:48:29,171 [INFO] Applying cross-sectional percent rank normalization to features AND labels...
2026-04-17 16:49:40,747 [INFO] Dual cross-sectional rank normalization completed.
2026-04-17 16:49:43,605 [INFO] Train: 2356930, Valid: 139320, Test: 212174
2026-04-17 16:49:43,606 [INFO] Starting LightGBM training...
2026-04-17 16:50:15,475 [INFO] Saving model to /app/models/production/alpha158/alpha158.bin
2026-04-17 16:50:15,477 [INFO] Evaluating metrics on Validation set...
2026-04-17 16:50:16,182 [INFO] Validation Mean IC: 0.0711, ICIR: 0.4997
2026-04-17 16:50:16,183 [INFO] Evaluating metrics on Testing set...
2026-04-17 16:50:17,337 [INFO] Testing Mean IC: 0.0542, ICIR: 0.4028
2026-04-17 16:50:17,339 [INFO] metadata.json updated with 3-way split metrics.
2026-04-17 16:50:17,339 [INFO] Training complete.
2026-04-17 16:53:17,884 [INFO] Starting Alpha158 V2 Training Pipeline
2026-04-17 16:53:17,884 [INFO] Range: 2019-01-01 to 2026-03-31
2026-04-17 16:53:17,889 [INFO] Total symbols after BJ filtering: 5481 (skipped 536)
2026-04-17 16:53:17,889 [INFO] Using 64 cores for parallel feature extraction...
2026-04-17 16:53:24,468 [INFO] Processed 100/5481 symbols (valid entries: 100)...
2026-04-17 16:53:25,242 [INFO] Processed 200/5481 symbols (valid entries: 200)...
2026-04-17 16:53:25,926 [INFO] Processed 300/5481 symbols (valid entries: 300)...
2026-04-17 16:53:26,696 [INFO] Processed 400/5481 symbols (valid entries: 400)...
2026-04-17 16:53:27,516 [INFO] Processed 500/5481 symbols (valid entries: 500)...
2026-04-17 16:53:28,175 [INFO] Processed 600/5481 symbols (valid entries: 600)...
2026-04-17 16:53:28,899 [INFO] Processed 700/5481 symbols (valid entries: 700)...
2026-04-17 16:53:29,722 [INFO] Processed 800/5481 symbols (valid entries: 800)...
2026-04-17 16:53:30,077 [INFO] Processed 900/5481 symbols (valid entries: 900)...
2026-04-17 16:53:30,247 [INFO] Processed 1000/5481 symbols (valid entries: 1000)...
2026-04-17 16:53:30,774 [INFO] Processed 1100/5481 symbols (valid entries: 1100)...
2026-04-17 16:53:31,041 [INFO] Processed 1200/5481 symbols (valid entries: 1200)...
2026-04-17 16:53:31,199 [INFO] Processed 1300/5481 symbols (valid entries: 1300)...
2026-04-17 16:53:32,127 [INFO] Processed 1400/5481 symbols (valid entries: 1400)...
2026-04-17 16:53:33,515 [INFO] Processed 1500/5481 symbols (valid entries: 1500)...
2026-04-17 16:53:34,538 [INFO] Processed 1600/5481 symbols (valid entries: 1600)...
2026-04-17 16:53:35,027 [INFO] Processed 1700/5481 symbols (valid entries: 1700)...
2026-04-17 16:53:36,449 [INFO] Processed 1800/5481 symbols (valid entries: 1800)...
2026-04-17 16:53:36,681 [INFO] Processed 1900/5481 symbols (valid entries: 1900)...
2026-04-17 16:53:36,965 [INFO] Processed 2000/5481 symbols (valid entries: 2000)...
2026-04-17 16:53:37,160 [INFO] Processed 2100/5481 symbols (valid entries: 2100)...
2026-04-17 16:53:38,298 [INFO] Processed 2200/5481 symbols (valid entries: 2200)...
2026-04-17 16:53:39,134 [INFO] Processed 2300/5481 symbols (valid entries: 2300)...
2026-04-17 16:53:39,923 [INFO] Processed 2400/5481 symbols (valid entries: 2400)...
2026-04-17 16:53:42,297 [INFO] Processed 2500/5481 symbols (valid entries: 2500)...
2026-04-17 16:53:44,009 [INFO] Processed 2600/5481 symbols (valid entries: 2600)...
2026-04-17 16:53:44,826 [INFO] Processed 2700/5481 symbols (valid entries: 2700)...
2026-04-17 16:53:45,534 [INFO] Processed 2800/5481 symbols (valid entries: 2800)...
2026-04-17 16:53:46,192 [INFO] Processed 2900/5481 symbols (valid entries: 2900)...
2026-04-17 16:53:46,713 [INFO] Processed 3000/5481 symbols (valid entries: 3000)...
2026-04-17 16:53:47,487 [INFO] Processed 3100/5481 symbols (valid entries: 3100)...
2026-04-17 16:53:48,408 [INFO] Processed 3200/5481 symbols (valid entries: 3200)...
2026-04-17 16:53:49,167 [INFO] Processed 3300/5481 symbols (valid entries: 3300)...
2026-04-17 16:53:49,917 [INFO] Processed 3400/5481 symbols (valid entries: 3400)...
2026-04-17 16:53:50,407 [INFO] Processed 3500/5481 symbols (valid entries: 3500)...
2026-04-17 16:53:51,031 [INFO] Processed 3600/5481 symbols (valid entries: 3600)...
2026-04-17 16:53:51,352 [INFO] Processed 3700/5481 symbols (valid entries: 3700)...
2026-04-17 16:53:51,609 [INFO] Processed 3800/5481 symbols (valid entries: 3800)...
2026-04-17 16:53:51,893 [INFO] Processed 3900/5481 symbols (valid entries: 3900)...
2026-04-17 16:53:52,868 [INFO] Processed 4000/5481 symbols (valid entries: 4000)...
2026-04-17 16:53:53,990 [INFO] Processed 4100/5481 symbols (valid entries: 4100)...
2026-04-17 16:53:55,063 [INFO] Processed 4200/5481 symbols (valid entries: 4200)...
2026-04-17 16:53:55,639 [INFO] Processed 4300/5481 symbols (valid entries: 4300)...
2026-04-17 16:53:56,552 [INFO] Processed 4400/5481 symbols (valid entries: 4400)...
2026-04-17 16:53:57,023 [INFO] Processed 4500/5481 symbols (valid entries: 4500)...
2026-04-17 16:53:57,516 [INFO] Processed 4600/5481 symbols (valid entries: 4600)...
2026-04-17 16:53:58,048 [INFO] Processed 4700/5481 symbols (valid entries: 4700)...
2026-04-17 16:53:59,201 [INFO] Processed 4800/5481 symbols (valid entries: 4800)...
2026-04-17 16:54:00,561 [INFO] Processed 4900/5481 symbols (valid entries: 4900)...
2026-04-17 16:54:00,716 [INFO] Processed 5000/5481 symbols (valid entries: 5000)...
2026-04-17 16:54:01,096 [INFO] Processed 5100/5481 symbols (valid entries: 5100)...
2026-04-17 16:54:01,431 [INFO] Processed 5200/5481 symbols (valid entries: 5200)...
2026-04-17 16:54:01,592 [INFO] Processed 5300/5481 symbols (valid entries: 5300)...
2026-04-17 16:54:01,715 [INFO] Processed 5400/5481 symbols (valid entries: 5400)...
2026-04-17 16:54:02,263 [INFO] Combining data from 5481 symbols...
2026-04-17 16:54:10,994 [INFO] Final dataset shape: (2708424, 159)
2026-04-17 16:54:10,994 [INFO] Applying cross-sectional percent rank normalization to features AND labels...
2026-04-17 16:55:22,707 [INFO] Dual cross-sectional rank normalization completed.
2026-04-17 16:55:25,620 [INFO] Train: 2356930, Valid: 139320, Test: 212174
2026-04-17 16:55:25,620 [INFO] Starting LightGBM training...
2026-04-17 16:55:57,722 [INFO] Saving model to /app/models/production/alpha158/alpha158.bin
2026-04-17 16:55:57,725 [INFO] Evaluating metrics on Training set...
2026-04-17 16:56:15,632 [INFO] Training Mean IC: 0.0793, ICIR: 0.7607
2026-04-17 16:56:15,649 [INFO] Evaluating metrics on Validation set...
2026-04-17 16:56:16,390 [INFO] Validation Mean IC: 0.0711, ICIR: 0.4997
2026-04-17 16:56:16,391 [INFO] Evaluating metrics on Testing set...
2026-04-17 16:56:17,540 [INFO] Testing Mean IC: 0.0542, ICIR: 0.4028
2026-04-17 16:56:17,542 [INFO] metadata.json updated with 3-way split metrics.
2026-04-17 16:56:17,542 [INFO] Training complete.
2026-04-17 16:58:33,757 [INFO] Starting Alpha158 V2 Training Pipeline
2026-04-17 16:58:33,757 [INFO] Range: 2019-01-01 to 2026-03-31
2026-04-17 16:58:33,762 [INFO] Total symbols after BJ filtering: 5481 (skipped 536)
2026-04-17 16:58:33,762 [INFO] Using 64 cores for parallel feature extraction...
2026-04-17 16:58:40,428 [INFO] Processed 100/5481 symbols (valid entries: 100)...
2026-04-17 16:58:41,186 [INFO] Processed 200/5481 symbols (valid entries: 200)...
2026-04-17 16:58:41,900 [INFO] Processed 300/5481 symbols (valid entries: 300)...
2026-04-17 16:58:42,595 [INFO] Processed 400/5481 symbols (valid entries: 400)...
2026-04-17 16:58:43,338 [INFO] Processed 500/5481 symbols (valid entries: 500)...
2026-04-17 16:58:44,070 [INFO] Processed 600/5481 symbols (valid entries: 600)...
2026-04-17 16:58:44,793 [INFO] Processed 700/5481 symbols (valid entries: 700)...
2026-04-17 16:58:45,572 [INFO] Processed 800/5481 symbols (valid entries: 800)...
2026-04-17 16:58:45,974 [INFO] Processed 900/5481 symbols (valid entries: 900)...
2026-04-17 16:58:46,142 [INFO] Processed 1000/5481 symbols (valid entries: 1000)...
2026-04-17 16:58:46,627 [INFO] Processed 1100/5481 symbols (valid entries: 1100)...
2026-04-17 16:58:46,918 [INFO] Processed 1200/5481 symbols (valid entries: 1200)...
2026-04-17 16:58:47,157 [INFO] Processed 1300/5481 symbols (valid entries: 1300)...
2026-04-17 16:58:48,040 [INFO] Processed 1400/5481 symbols (valid entries: 1400)...
2026-04-17 16:58:49,414 [INFO] Processed 1500/5481 symbols (valid entries: 1500)...
2026-04-17 16:58:50,325 [INFO] Processed 1600/5481 symbols (valid entries: 1600)...
2026-04-17 16:58:51,015 [INFO] Processed 1700/5481 symbols (valid entries: 1700)...
2026-04-17 16:58:52,265 [INFO] Processed 1800/5481 symbols (valid entries: 1800)...
2026-04-17 16:58:52,525 [INFO] Processed 1900/5481 symbols (valid entries: 1900)...
2026-04-17 16:58:52,749 [INFO] Processed 2000/5481 symbols (valid entries: 2000)...
2026-04-17 16:58:53,104 [INFO] Processed 2100/5481 symbols (valid entries: 2100)...
2026-04-17 16:58:53,878 [INFO] Processed 2200/5481 symbols (valid entries: 2200)...
2026-04-17 16:58:54,752 [INFO] Processed 2300/5481 symbols (valid entries: 2300)...
2026-04-17 16:58:56,496 [INFO] Processed 2400/5481 symbols (valid entries: 2400)...
2026-04-17 16:58:58,071 [INFO] Processed 2500/5481 symbols (valid entries: 2500)...
2026-04-17 16:58:59,757 [INFO] Processed 2600/5481 symbols (valid entries: 2600)...
2026-04-17 16:59:00,640 [INFO] Processed 2700/5481 symbols (valid entries: 2700)...
2026-04-17 16:59:01,455 [INFO] Processed 2800/5481 symbols (valid entries: 2800)...
2026-04-17 16:59:02,118 [INFO] Processed 2900/5481 symbols (valid entries: 2900)...
2026-04-17 16:59:02,705 [INFO] Processed 3000/5481 symbols (valid entries: 3000)...
2026-04-17 16:59:03,364 [INFO] Processed 3100/5481 symbols (valid entries: 3100)...
2026-04-17 16:59:04,250 [INFO] Processed 3200/5481 symbols (valid entries: 3200)...
2026-04-17 16:59:04,986 [INFO] Processed 3300/5481 symbols (valid entries: 3300)...
2026-04-17 16:59:05,767 [INFO] Processed 3400/5481 symbols (valid entries: 3400)...
2026-04-17 16:59:06,233 [INFO] Processed 3500/5481 symbols (valid entries: 3500)...
2026-04-17 16:59:06,791 [INFO] Processed 3600/5481 symbols (valid entries: 3600)...
2026-04-17 16:59:07,181 [INFO] Processed 3700/5481 symbols (valid entries: 3700)...
2026-04-17 16:59:07,452 [INFO] Processed 3800/5481 symbols (valid entries: 3800)...
2026-04-17 16:59:07,732 [INFO] Processed 3900/5481 symbols (valid entries: 3900)...
2026-04-17 16:59:08,621 [INFO] Processed 4000/5481 symbols (valid entries: 4000)...
2026-04-17 16:59:09,561 [INFO] Processed 4100/5481 symbols (valid entries: 4100)...
2026-04-17 16:59:11,014 [INFO] Processed 4200/5481 symbols (valid entries: 4200)...
2026-04-17 16:59:11,969 [INFO] Processed 4300/5481 symbols (valid entries: 4300)...
2026-04-17 16:59:12,369 [INFO] Processed 4400/5481 symbols (valid entries: 4400)...
2026-04-17 16:59:12,590 [INFO] Processed 4500/5481 symbols (valid entries: 4500)...
2026-04-17 16:59:12,937 [INFO] Processed 4600/5481 symbols (valid entries: 4600)...
2026-04-17 16:59:13,992 [INFO] Processed 4700/5481 symbols (valid entries: 4700)...
2026-04-17 16:59:14,795 [INFO] Processed 4800/5481 symbols (valid entries: 4800)...
2026-04-17 16:59:16,752 [INFO] Processed 4900/5481 symbols (valid entries: 4900)...
2026-04-17 16:59:16,899 [INFO] Processed 5000/5481 symbols (valid entries: 5000)...
2026-04-17 16:59:17,050 [INFO] Processed 5100/5481 symbols (valid entries: 5100)...
2026-04-17 16:59:17,123 [INFO] Processed 5200/5481 symbols (valid entries: 5200)...
2026-04-17 16:59:17,274 [INFO] Processed 5300/5481 symbols (valid entries: 5300)...
2026-04-17 16:59:17,583 [INFO] Processed 5400/5481 symbols (valid entries: 5400)...
2026-04-17 16:59:18,077 [INFO] Combining data from 5481 symbols...
2026-04-17 16:59:26,799 [INFO] Final dataset shape: (2708424, 159)
2026-04-17 16:59:26,799 [INFO] Applying cross-sectional percent rank normalization to features AND labels...
2026-04-17 17:00:39,086 [INFO] Dual cross-sectional rank normalization completed.
2026-04-17 17:00:41,990 [INFO] Train: 2356930, Valid: 139320, Test: 212174
2026-04-17 17:00:41,991 [INFO] Starting LightGBM training...
2026-04-17 17:01:13,917 [INFO] Saving model to /app/models/production/alpha158/alpha158.bin
2026-04-17 17:01:13,919 [INFO] Evaluating metrics on Training set...
2026-04-17 17:01:31,698 [INFO] Training Mean IC: 0.0793, ICIR: 0.7607
2026-04-17 17:01:31,714 [INFO] Evaluating metrics on Validation set...
2026-04-17 17:01:32,467 [INFO] Validation Mean IC: 0.0711, ICIR: 0.4997
2026-04-17 17:01:32,468 [INFO] Evaluating metrics on Testing set...
2026-04-17 17:01:33,597 [INFO] Testing Mean IC: 0.0542, ICIR: 0.4028
2026-04-17 17:01:33,599 [INFO] metadata.json updated with 3-way split metrics.
2026-04-17 17:01:33,599 [INFO] Generating full prediction file for backtesting...
2026-04-17 17:01:41,040 [INFO] Full prediction file saved to /app/models/production/alpha158/pred.pkl (Shape: (2708424, 1))
2026-04-17 17:01:41,040 [INFO] Training complete.
2026-05-22 01:59:59,089 [INFO] Starting Alpha158 V2 Training Pipeline
2026-05-22 01:59:59,090 [INFO] Range: 2019-01-01 to 2026-03-31
2026-05-22 01:59:59,092 [INFO] Total symbols after BJ filtering: 10 (skipped 0)
2026-05-22 01:59:59,092 [INFO] Using 10 cores for parallel feature extraction...
2026-05-22 02:00:00,899 [INFO] Combining data from 10 symbols...
2026-05-22 02:00:00,906 [INFO] Final dataset shape: (13090, 159)
2026-05-22 02:00:00,907 [INFO] Applying cross-sectional percent rank normalization to features AND labels...
2026-05-22 02:00:00,992 [INFO] Dual cross-sectional rank normalization completed.
2026-05-22 02:00:00,994 [INFO] Applying chronological gaps of 3 trading days...
2026-05-22 02:00:00,995 [INFO] Train segment:      2019-01-02 to 2024-12-31
2026-05-22 02:00:00,995 [INFO] Validation segment: 2025-01-07 to 2025-06-30
2026-05-22 02:00:00,995 [INFO] Testing segment:    2025-07-04 to 2026-03-26
2026-05-22 02:00:00,997 [INFO] Train: 11018, Valid: 798, Test: 1232
2026-05-22 02:00:01,014 [INFO] Loading LightGBM configuration from /Users/qusong/git/quantmind/models/production/alpha158/config.yaml
2026-05-22 02:00:01,016 [INFO] Starting LightGBM training with params: {'boosting_type': 'gbdt', 'objective': 'regression', 'metric': {'l2'}, 'verbose': -1, 'num_threads': 32, 'learning_rate': 0.02, 'num_leaves': 95, 'max_depth': 11, 'min_data_in_leaf': 700, 'feature_fraction': 0.8, 'bagging_fraction': 0.9, 'bagging_freq': 1, 'lambda_l1': 1.0, 'lambda_l2': 5.0, 'min_gain_to_split': 0.0, 'max_bin': 255, 'force_col_wise': True}
2026-05-22 02:00:01,866 [INFO] Saving model to /Users/qusong/git/quantmind/models/production/alpha158/alpha158.bin
2026-05-22 02:00:01,867 [INFO] Evaluating metrics on Training set...
2026-05-22 02:00:02,102 [INFO] Training Mean IC: 0.0892, ICIR: 0.2210
2026-05-22 02:00:02,102 [INFO] Evaluating metrics on Validation set...
2026-05-22 02:00:02,120 [INFO] Validation Mean IC: -0.0424, ICIR: -0.0930
2026-05-22 02:00:02,120 [INFO] Evaluating metrics on Testing set...
2026-05-22 02:00:02,148 [INFO] Testing Mean IC: 0.0614, ICIR: 0.1395
2026-05-22 02:00:02,149 [INFO] metadata.json updated with 3-way split metrics.
2026-05-22 02:00:02,149 [INFO] Generating full prediction file for backtesting...
2026-05-22 02:00:02,158 [INFO] Full prediction file saved to /Users/qusong/git/quantmind/models/production/alpha158/pred.pkl (Shape: (13090, 1))
2026-05-22 02:00:02,158 [INFO] Training complete.
2026-05-24 23:48:12,705 [INFO] Starting Alpha158 V2 Training Pipeline
2026-05-24 23:48:12,705 [INFO] Range: 2019-01-01 to 2026-05-15
2026-05-24 23:48:12,709 [INFO] Total symbols after BJ filtering: 5548 (skipped 0)
2026-05-24 23:48:12,709 [INFO] Using 2 cores for parallel feature extraction...
2026-05-24 23:48:15,335 [INFO] Processed 100/5548 symbols (valid entries: 100)...
2026-05-24 23:48:17,106 [INFO] Processed 200/5548 symbols (valid entries: 200)...
2026-05-24 23:48:19,612 [INFO] Processed 300/5548 symbols (valid entries: 300)...
2026-05-24 23:48:21,402 [INFO] Processed 400/5548 symbols (valid entries: 400)...
2026-05-24 23:48:23,884 [INFO] Processed 500/5548 symbols (valid entries: 500)...
2026-05-24 23:48:25,694 [INFO] Processed 600/5548 symbols (valid entries: 600)...
2026-05-24 23:48:28,145 [INFO] Processed 700/5548 symbols (valid entries: 700)...
2026-05-24 23:48:29,968 [INFO] Processed 800/5548 symbols (valid entries: 800)...
2026-05-24 23:48:32,425 [INFO] Processed 900/5548 symbols (valid entries: 900)...
2026-05-24 23:48:34,355 [INFO] Processed 1000/5548 symbols (valid entries: 1000)...
2026-05-24 23:48:36,745 [INFO] Processed 1100/5548 symbols (valid entries: 1100)...
2026-05-24 23:48:38,574 [INFO] Processed 1200/5548 symbols (valid entries: 1200)...
2026-05-24 23:48:40,894 [INFO] Processed 1300/5548 symbols (valid entries: 1300)...
2026-05-24 23:48:42,834 [INFO] Processed 1400/5548 symbols (valid entries: 1400)...
2026-05-24 23:48:45,133 [INFO] Processed 1500/5548 symbols (valid entries: 1500)...
2026-05-24 23:48:47,097 [INFO] Processed 1600/5548 symbols (valid entries: 1600)...
2026-05-24 23:48:49,398 [INFO] Processed 1700/5548 symbols (valid entries: 1700)...
2026-05-24 23:48:51,356 [INFO] Processed 1800/5548 symbols (valid entries: 1800)...
2026-05-24 23:48:53,566 [INFO] Processed 1900/5548 symbols (valid entries: 1900)...
2026-05-24 23:48:55,439 [INFO] Processed 2000/5548 symbols (valid entries: 2000)...
2026-05-24 23:48:57,617 [INFO] Processed 2100/5548 symbols (valid entries: 2100)...
2026-05-24 23:48:59,502 [INFO] Processed 2200/5548 symbols (valid entries: 2200)...
2026-05-24 23:49:01,761 [INFO] Processed 2300/5548 symbols (valid entries: 2300)...
2026-05-24 23:49:03,690 [INFO] Processed 2400/5548 symbols (valid entries: 2400)...
2026-05-24 23:49:06,004 [INFO] Processed 2500/5548 symbols (valid entries: 2500)...
2026-05-24 23:49:07,968 [INFO] Processed 2600/5548 symbols (valid entries: 2600)...
2026-05-24 23:49:10,281 [INFO] Processed 2700/5548 symbols (valid entries: 2700)...
2026-05-24 23:49:12,261 [INFO] Processed 2800/5548 symbols (valid entries: 2800)...
2026-05-24 23:49:14,579 [INFO] Processed 2900/5548 symbols (valid entries: 2900)...
2026-05-24 23:49:16,514 [INFO] Processed 3000/5548 symbols (valid entries: 3000)...
2026-05-24 23:49:18,734 [INFO] Processed 3100/5548 symbols (valid entries: 3100)...
2026-05-24 23:49:20,854 [INFO] Processed 3200/5548 symbols (valid entries: 3200)...
2026-05-24 23:49:23,021 [INFO] Processed 3300/5548 symbols (valid entries: 3300)...
2026-05-24 23:49:25,186 [INFO] Processed 3400/5548 symbols (valid entries: 3400)...
2026-05-24 23:49:27,314 [INFO] Processed 3500/5548 symbols (valid entries: 3500)...
2026-05-24 23:49:29,529 [INFO] Processed 3600/5548 symbols (valid entries: 3600)...
2026-05-24 23:49:31,573 [INFO] Processed 3700/5548 symbols (valid entries: 3700)...
2026-05-24 23:49:33,880 [INFO] Processed 3800/5548 symbols (valid entries: 3800)...
2026-05-24 23:49:35,827 [INFO] Processed 3900/5548 symbols (valid entries: 3900)...
2026-05-24 23:49:38,228 [INFO] Processed 4000/5548 symbols (valid entries: 4000)...
2026-05-24 23:49:40,067 [INFO] Processed 4100/5548 symbols (valid entries: 4100)...
2026-05-24 23:49:42,639 [INFO] Processed 4200/5548 symbols (valid entries: 4200)...
2026-05-24 23:49:44,394 [INFO] Processed 4300/5548 symbols (valid entries: 4300)...
2026-05-24 23:49:46,891 [INFO] Processed 4400/5548 symbols (valid entries: 4400)...
2026-05-24 23:49:48,678 [INFO] Processed 4500/5548 symbols (valid entries: 4500)...
2026-05-24 23:49:51,174 [INFO] Processed 4600/5548 symbols (valid entries: 4600)...
2026-05-24 23:49:52,939 [INFO] Processed 4700/5548 symbols (valid entries: 4700)...
2026-05-24 23:49:55,456 [INFO] Processed 4800/5548 symbols (valid entries: 4800)...
2026-05-24 23:49:57,205 [INFO] Processed 4900/5548 symbols (valid entries: 4900)...
2026-05-24 23:49:59,676 [INFO] Processed 5000/5548 symbols (valid entries: 5000)...
2026-05-24 23:50:01,380 [INFO] Processed 5100/5548 symbols (valid entries: 5100)...
2026-05-24 23:50:03,833 [INFO] Processed 5200/5548 symbols (valid entries: 5200)...
2026-05-24 23:50:05,479 [INFO] Processed 5300/5548 symbols (valid entries: 5300)...
2026-05-24 23:50:07,903 [INFO] Processed 5400/5548 symbols (valid entries: 5400)...
2026-05-24 23:50:09,762 [INFO] Processed 5500/5548 symbols (valid entries: 5500)...
2026-05-24 23:50:10,774 [INFO] Combining data from 5545 symbols...
2026-05-24 23:50:10,930 [INFO] Combined batch 1/12...
2026-05-24 23:50:11,205 [INFO] Combined batch 2/12...
2026-05-24 23:50:11,347 [INFO] Combined batch 3/12...
2026-05-24 23:50:11,486 [INFO] Combined batch 4/12...
2026-05-24 23:50:11,608 [INFO] Combined batch 5/12...
2026-05-24 23:50:11,755 [INFO] Combined batch 6/12...
2026-05-24 23:50:11,908 [INFO] Combined batch 7/12...
2026-05-24 23:50:12,063 [INFO] Combined batch 8/12...
2026-05-24 23:50:12,218 [INFO] Combined batch 9/12...
2026-05-24 23:50:12,370 [INFO] Combined batch 10/12...
2026-05-24 23:50:12,551 [INFO] Combined batch 11/12...
2026-05-24 23:50:12,561 [INFO] Combined batch 12/12...
2026-05-24 23:50:15,038 [INFO] Final dataset shape: (8556219, 159)
2026-05-24 23:50:15,039 [INFO] Applying cross-sectional percent rank normalization to features AND labels...
nohup: ignoring input
2026-05-24 23:55:28,934 [INFO] Starting Alpha158 V2 Training Pipeline
2026-05-24 23:55:28,934 [INFO] Starting Alpha158 V2 Training Pipeline
2026-05-24 23:55:28,934 [INFO] Range: 2019-01-01 to 2026-05-15
2026-05-24 23:55:28,934 [INFO] Range: 2019-01-01 to 2026-05-15
2026-05-24 23:55:28,938 [INFO] Total symbols after BJ filtering: 5548 (skipped 0)
2026-05-24 23:55:28,938 [INFO] Total symbols after BJ filtering: 5548 (skipped 0)
2026-05-24 23:55:28,938 [INFO] Using 2 cores for parallel feature extraction...
2026-05-24 23:55:28,938 [INFO] Using 2 cores for parallel feature extraction...
2026-05-24 23:55:31,732 [INFO] Processed 100/5548 symbols (valid entries: 100)...
2026-05-24 23:55:31,732 [INFO] Processed 100/5548 symbols (valid entries: 100)...
2026-05-24 23:55:33,567 [INFO] Processed 200/5548 symbols (valid entries: 200)...
2026-05-24 23:55:33,567 [INFO] Processed 200/5548 symbols (valid entries: 200)...
2026-05-24 23:55:36,097 [INFO] Processed 300/5548 symbols (valid entries: 300)...
2026-05-24 23:55:36,097 [INFO] Processed 300/5548 symbols (valid entries: 300)...
2026-05-24 23:55:37,987 [INFO] Processed 400/5548 symbols (valid entries: 400)...
2026-05-24 23:55:37,987 [INFO] Processed 400/5548 symbols (valid entries: 400)...
2026-05-24 23:55:40,487 [INFO] Processed 500/5548 symbols (valid entries: 500)...
2026-05-24 23:55:40,487 [INFO] Processed 500/5548 symbols (valid entries: 500)...
2026-05-24 23:55:42,395 [INFO] Processed 600/5548 symbols (valid entries: 600)...
2026-05-24 23:55:42,395 [INFO] Processed 600/5548 symbols (valid entries: 600)...
2026-05-24 23:55:44,851 [INFO] Processed 700/5548 symbols (valid entries: 700)...
2026-05-24 23:55:44,851 [INFO] Processed 700/5548 symbols (valid entries: 700)...
2026-05-24 23:55:46,793 [INFO] Processed 800/5548 symbols (valid entries: 800)...
2026-05-24 23:55:46,793 [INFO] Processed 800/5548 symbols (valid entries: 800)...
2026-05-24 23:55:49,187 [INFO] Processed 900/5548 symbols (valid entries: 900)...
2026-05-24 23:55:49,187 [INFO] Processed 900/5548 symbols (valid entries: 900)...
2026-05-24 23:55:51,157 [INFO] Processed 1000/5548 symbols (valid entries: 1000)...
2026-05-24 23:55:51,157 [INFO] Processed 1000/5548 symbols (valid entries: 1000)...
2026-05-24 23:55:53,561 [INFO] Processed 1100/5548 symbols (valid entries: 1100)...
2026-05-24 23:55:53,561 [INFO] Processed 1100/5548 symbols (valid entries: 1100)...
2026-05-24 23:55:55,504 [INFO] Processed 1200/5548 symbols (valid entries: 1200)...
2026-05-24 23:55:55,504 [INFO] Processed 1200/5548 symbols (valid entries: 1200)...
2026-05-24 23:55:57,789 [INFO] Processed 1300/5548 symbols (valid entries: 1300)...
2026-05-24 23:55:57,789 [INFO] Processed 1300/5548 symbols (valid entries: 1300)...
2026-05-24 23:55:59,849 [INFO] Processed 1400/5548 symbols (valid entries: 1400)...
2026-05-24 23:55:59,849 [INFO] Processed 1400/5548 symbols (valid entries: 1400)...
2026-05-24 23:56:02,155 [INFO] Processed 1500/5548 symbols (valid entries: 1500)...
2026-05-24 23:56:02,155 [INFO] Processed 1500/5548 symbols (valid entries: 1500)...
2026-05-24 23:56:04,254 [INFO] Processed 1600/5548 symbols (valid entries: 1600)...
2026-05-24 23:56:04,254 [INFO] Processed 1600/5548 symbols (valid entries: 1600)...
2026-05-24 23:56:06,531 [INFO] Processed 1700/5548 symbols (valid entries: 1700)...
2026-05-24 23:56:06,531 [INFO] Processed 1700/5548 symbols (valid entries: 1700)...
2026-05-24 23:56:08,602 [INFO] Processed 1800/5548 symbols (valid entries: 1800)...
2026-05-24 23:56:08,602 [INFO] Processed 1800/5548 symbols (valid entries: 1800)...
2026-05-24 23:56:10,792 [INFO] Processed 1900/5548 symbols (valid entries: 1900)...
2026-05-24 23:56:10,792 [INFO] Processed 1900/5548 symbols (valid entries: 1900)...
2026-05-24 23:56:12,927 [INFO] Processed 2000/5548 symbols (valid entries: 2000)...
2026-05-24 23:56:12,927 [INFO] Processed 2000/5548 symbols (valid entries: 2000)...
2026-05-24 23:56:15,030 [INFO] Processed 2100/5548 symbols (valid entries: 2100)...
2026-05-24 23:56:15,030 [INFO] Processed 2100/5548 symbols (valid entries: 2100)...
2026-05-24 23:56:17,147 [INFO] Processed 2200/5548 symbols (valid entries: 2200)...
2026-05-24 23:56:17,147 [INFO] Processed 2200/5548 symbols (valid entries: 2200)...
2026-05-24 23:56:19,241 [INFO] Processed 2300/5548 symbols (valid entries: 2300)...
2026-05-24 23:56:19,241 [INFO] Processed 2300/5548 symbols (valid entries: 2300)...
2026-05-24 23:56:21,366 [INFO] Processed 2400/5548 symbols (valid entries: 2400)...
2026-05-24 23:56:21,366 [INFO] Processed 2400/5548 symbols (valid entries: 2400)...
2026-05-24 23:56:23,487 [INFO] Processed 2500/5548 symbols (valid entries: 2500)...
2026-05-24 23:56:23,487 [INFO] Processed 2500/5548 symbols (valid entries: 2500)...
2026-05-24 23:56:25,797 [INFO] Processed 2600/5548 symbols (valid entries: 2600)...
2026-05-24 23:56:25,797 [INFO] Processed 2600/5548 symbols (valid entries: 2600)...
2026-05-24 23:56:27,941 [INFO] Processed 2700/5548 symbols (valid entries: 2700)...
2026-05-24 23:56:27,941 [INFO] Processed 2700/5548 symbols (valid entries: 2700)...
2026-05-24 23:56:30,204 [INFO] Processed 2800/5548 symbols (valid entries: 2800)...
2026-05-24 23:56:30,204 [INFO] Processed 2800/5548 symbols (valid entries: 2800)...
2026-05-24 23:56:32,365 [INFO] Processed 2900/5548 symbols (valid entries: 2900)...
2026-05-24 23:56:32,365 [INFO] Processed 2900/5548 symbols (valid entries: 2900)...
2026-05-24 23:56:34,499 [INFO] Processed 3000/5548 symbols (valid entries: 3000)...
2026-05-24 23:56:34,499 [INFO] Processed 3000/5548 symbols (valid entries: 3000)...
2026-05-24 23:56:36,612 [INFO] Processed 3100/5548 symbols (valid entries: 3100)...
2026-05-24 23:56:36,612 [INFO] Processed 3100/5548 symbols (valid entries: 3100)...
2026-05-24 23:56:38,844 [INFO] Processed 3200/5548 symbols (valid entries: 3200)...
2026-05-24 23:56:38,844 [INFO] Processed 3200/5548 symbols (valid entries: 3200)...
2026-05-24 23:56:40,993 [INFO] Processed 3300/5548 symbols (valid entries: 3300)...
2026-05-24 23:56:40,993 [INFO] Processed 3300/5548 symbols (valid entries: 3300)...
2026-05-24 23:56:43,272 [INFO] Processed 3400/5548 symbols (valid entries: 3400)...
2026-05-24 23:56:43,272 [INFO] Processed 3400/5548 symbols (valid entries: 3400)...
2026-05-24 23:56:45,394 [INFO] Processed 3500/5548 symbols (valid entries: 3500)...
2026-05-24 23:56:45,394 [INFO] Processed 3500/5548 symbols (valid entries: 3500)...
2026-05-24 23:56:47,707 [INFO] Processed 3600/5548 symbols (valid entries: 3600)...
2026-05-24 23:56:47,707 [INFO] Processed 3600/5548 symbols (valid entries: 3600)...
2026-05-24 23:56:49,815 [INFO] Processed 3700/5548 symbols (valid entries: 3700)...
2026-05-24 23:56:49,815 [INFO] Processed 3700/5548 symbols (valid entries: 3700)...
2026-05-24 23:56:52,156 [INFO] Processed 3800/5548 symbols (valid entries: 3800)...
2026-05-24 23:56:52,156 [INFO] Processed 3800/5548 symbols (valid entries: 3800)...
2026-05-24 23:56:54,218 [INFO] Processed 3900/5548 symbols (valid entries: 3900)...
2026-05-24 23:56:54,218 [INFO] Processed 3900/5548 symbols (valid entries: 3900)...
2026-05-24 23:56:56,581 [INFO] Processed 4000/5548 symbols (valid entries: 4000)...
2026-05-24 23:56:56,581 [INFO] Processed 4000/5548 symbols (valid entries: 4000)...
2026-05-24 23:56:58,571 [INFO] Processed 4100/5548 symbols (valid entries: 4100)...
2026-05-24 23:56:58,571 [INFO] Processed 4100/5548 symbols (valid entries: 4100)...
2026-05-24 23:57:00,964 [INFO] Processed 4200/5548 symbols (valid entries: 4200)...
2026-05-24 23:57:00,964 [INFO] Processed 4200/5548 symbols (valid entries: 4200)...
2026-05-24 23:57:03,014 [INFO] Processed 4300/5548 symbols (valid entries: 4300)...
2026-05-24 23:57:03,014 [INFO] Processed 4300/5548 symbols (valid entries: 4300)...
2026-05-24 23:57:05,439 [INFO] Processed 4400/5548 symbols (valid entries: 4400)...
2026-05-24 23:57:05,439 [INFO] Processed 4400/5548 symbols (valid entries: 4400)...
2026-05-24 23:57:07,398 [INFO] Processed 4500/5548 symbols (valid entries: 4500)...
2026-05-24 23:57:07,398 [INFO] Processed 4500/5548 symbols (valid entries: 4500)...
2026-05-24 23:57:09,895 [INFO] Processed 4600/5548 symbols (valid entries: 4600)...
2026-05-24 23:57:09,895 [INFO] Processed 4600/5548 symbols (valid entries: 4600)...
2026-05-24 23:57:11,785 [INFO] Processed 4700/5548 symbols (valid entries: 4700)...
2026-05-24 23:57:11,785 [INFO] Processed 4700/5548 symbols (valid entries: 4700)...
2026-05-24 23:57:14,331 [INFO] Processed 4800/5548 symbols (valid entries: 4800)...
2026-05-24 23:57:14,331 [INFO] Processed 4800/5548 symbols (valid entries: 4800)...
2026-05-24 23:57:16,122 [INFO] Processed 4900/5548 symbols (valid entries: 4900)...
2026-05-24 23:57:16,122 [INFO] Processed 4900/5548 symbols (valid entries: 4900)...
2026-05-24 23:57:18,689 [INFO] Processed 5000/5548 symbols (valid entries: 5000)...
2026-05-24 23:57:18,689 [INFO] Processed 5000/5548 symbols (valid entries: 5000)...
2026-05-24 23:57:20,427 [INFO] Processed 5100/5548 symbols (valid entries: 5100)...
2026-05-24 23:57:20,427 [INFO] Processed 5100/5548 symbols (valid entries: 5100)...
2026-05-24 23:57:22,917 [INFO] Processed 5200/5548 symbols (valid entries: 5200)...
2026-05-24 23:57:22,917 [INFO] Processed 5200/5548 symbols (valid entries: 5200)...
2026-05-24 23:57:24,656 [INFO] Processed 5300/5548 symbols (valid entries: 5300)...
2026-05-24 23:57:24,656 [INFO] Processed 5300/5548 symbols (valid entries: 5300)...
2026-05-24 23:57:27,067 [INFO] Processed 5400/5548 symbols (valid entries: 5400)...
2026-05-24 23:57:27,067 [INFO] Processed 5400/5548 symbols (valid entries: 5400)...
2026-05-24 23:57:28,782 [INFO] Processed 5500/5548 symbols (valid entries: 5500)...
2026-05-24 23:57:28,782 [INFO] Processed 5500/5548 symbols (valid entries: 5500)...
2026-05-24 23:57:29,719 [INFO] Combining data from 5545 symbols...
2026-05-24 23:57:29,719 [INFO] Combining data from 5545 symbols...
2026-05-24 23:57:30,011 [INFO] Combined batch 1/12...
2026-05-24 23:57:30,011 [INFO] Combined batch 1/12...
2026-05-24 23:57:30,282 [INFO] Combined batch 2/12...
2026-05-24 23:57:30,282 [INFO] Combined batch 2/12...
2026-05-24 23:57:30,425 [INFO] Combined batch 3/12...
2026-05-24 23:57:30,425 [INFO] Combined batch 3/12...
2026-05-24 23:57:30,564 [INFO] Combined batch 4/12...
2026-05-24 23:57:30,564 [INFO] Combined batch 4/12...
2026-05-24 23:57:30,686 [INFO] Combined batch 5/12...
2026-05-24 23:57:30,686 [INFO] Combined batch 5/12...
2026-05-24 23:57:30,834 [INFO] Combined batch 6/12...
2026-05-24 23:57:30,834 [INFO] Combined batch 6/12...
2026-05-24 23:57:30,987 [INFO] Combined batch 7/12...
2026-05-24 23:57:30,987 [INFO] Combined batch 7/12...
2026-05-24 23:57:31,144 [INFO] Combined batch 8/12...
2026-05-24 23:57:31,144 [INFO] Combined batch 8/12...
2026-05-24 23:57:31,299 [INFO] Combined batch 9/12...
2026-05-24 23:57:31,299 [INFO] Combined batch 9/12...
2026-05-24 23:57:31,581 [INFO] Combined batch 10/12...
2026-05-24 23:57:31,581 [INFO] Combined batch 10/12...
2026-05-24 23:57:31,689 [INFO] Combined batch 11/12...
2026-05-24 23:57:31,689 [INFO] Combined batch 11/12...
2026-05-24 23:57:31,698 [INFO] Combined batch 12/12...
2026-05-24 23:57:31,698 [INFO] Combined batch 12/12...
2026-05-24 23:57:34,175 [INFO] Final dataset shape: (8556219, 159)
2026-05-24 23:57:34,175 [INFO] Final dataset shape: (8556219, 159)
2026-05-24 23:57:34,175 [INFO] Applying cross-sectional percent rank normalization to features AND labels...
2026-05-24 23:57:34,175 [INFO] Applying cross-sectional percent rank normalization to features AND labels...
2026-05-25 00:00:02,866 [INFO] Dual cross-sectional rank normalization completed.
2026-05-25 00:00:02,866 [INFO] Dual cross-sectional rank normalization completed.
2026-05-25 00:00:02,960 [INFO] Applying chronological gaps of 3 trading days...
2026-05-25 00:00:02,960 [INFO] Applying chronological gaps of 3 trading days...
2026-05-25 00:00:02,960 [INFO] Train segment:      2019-01-02 to 2024-12-31
2026-05-25 00:00:02,960 [INFO] Train segment:      2019-01-02 to 2024-12-31
2026-05-25 00:00:02,960 [INFO] Validation segment: 2025-01-07 to 2025-08-15
2026-05-25 00:00:02,960 [INFO] Validation segment: 2025-01-07 to 2025-08-15
2026-05-25 00:00:02,960 [INFO] Testing segment:    2025-08-21 to 2026-05-12
2026-05-25 00:00:02,960 [INFO] Testing segment:    2025-08-21 to 2026-05-12
2026-05-25 00:00:04,199 [INFO] Train: 6773295, Valid: 807758, Test: 942436
2026-05-25 00:00:04,199 [INFO] Train: 6773295, Valid: 807758, Test: 942436
2026-05-25 00:00:04,243 [INFO] Loading LightGBM configuration from /home/ubuntu/quantmind/models/production/alpha158/config.yaml
2026-05-25 00:00:04,243 [INFO] Loading LightGBM configuration from /home/ubuntu/quantmind/models/production/alpha158/config.yaml
2026-05-25 00:00:04,245 [INFO] Starting LightGBM training with params: {'boosting_type': 'gbdt', 'objective': 'regression', 'metric': {'l2'}, 'verbose': -1, 'num_threads': 32, 'learning_rate': 0.02, 'num_leaves': 95, 'max_depth': 11, 'min_data_in_leaf': 700, 'feature_fraction': 0.8, 'bagging_fraction': 0.9, 'bagging_freq': 1, 'lambda_l1': 1.0, 'lambda_l2': 5.0, 'min_gain_to_split': 0.0, 'max_bin': 255, 'force_col_wise': True}
2026-05-25 00:00:04,245 [INFO] Starting LightGBM training with params: {'boosting_type': 'gbdt', 'objective': 'regression', 'metric': {'l2'}, 'verbose': -1, 'num_threads': 32, 'learning_rate': 0.02, 'num_leaves': 95, 'max_depth': 11, 'min_data_in_leaf': 700, 'feature_fraction': 0.8, 'bagging_fraction': 0.9, 'bagging_freq': 1, 'lambda_l1': 1.0, 'lambda_l2': 5.0, 'min_gain_to_split': 0.0, 'max_bin': 255, 'force_col_wise': True}
2026-05-25 00:01:52,716 [INFO] Saving model to /home/ubuntu/quantmind/models/production/alpha158/alpha158.bin
2026-05-25 00:01:52,716 [INFO] Saving model to /home/ubuntu/quantmind/models/production/alpha158/alpha158.bin
2026-05-25 00:01:52,725 [INFO] Evaluating metrics on Training set...
2026-05-25 00:01:52,725 [INFO] Evaluating metrics on Training set...
2026-05-25 00:02:09,039 [INFO] Training Mean IC: 0.1061, ICIR: 0.7901
2026-05-25 00:02:09,039 [INFO] Training Mean IC: 0.1061, ICIR: 0.7901
2026-05-25 00:02:09,080 [INFO] Evaluating metrics on Validation set...
2026-05-25 00:02:09,080 [INFO] Evaluating metrics on Validation set...
2026-05-25 00:02:10,617 [INFO] Validation Mean IC: 0.0645, ICIR: 0.3769
2026-05-25 00:02:10,617 [INFO] Validation Mean IC: 0.0645, ICIR: 0.3769
2026-05-25 00:02:10,619 [INFO] Evaluating metrics on Testing set...
2026-05-25 00:02:10,619 [INFO] Evaluating metrics on Testing set...
2026-05-25 00:02:12,583 [INFO] Testing Mean IC: 0.0540, ICIR: 0.3312
2026-05-25 00:02:12,583 [INFO] Testing Mean IC: 0.0540, ICIR: 0.3312
2026-05-25 00:02:12,588 [INFO] metadata.json updated with 3-way split metrics.
2026-05-25 00:02:12,588 [INFO] metadata.json updated with 3-way split metrics.
2026-05-25 00:02:12,588 [INFO] Generating full prediction file for backtesting...
2026-05-25 00:02:12,588 [INFO] Generating full prediction file for backtesting...
2026-05-25 00:02:18,772 [INFO] Full prediction file saved to /home/ubuntu/quantmind/models/production/alpha158/pred.pkl (Shape: (8556219, 1))
2026-05-25 00:02:18,772 [INFO] Full prediction file saved to /home/ubuntu/quantmind/models/production/alpha158/pred.pkl (Shape: (8556219, 1))
2026-05-25 00:02:18,772 [INFO] Training complete.
2026-05-25 00:02:18,772 [INFO] Training complete.
Training until validation scores don't improve for 180 rounds
[50]	valid_0's l2: 0.0829268
[100]	valid_0's l2: 0.0831508
[150]	valid_0's l2: 0.083354
[200]	valid_0's l2: 0.0836174
Early stopping, best iteration is:
[39]	valid_0's l2: 0.082911
